
[2023-08-17 03:17:33,250] [INFO] 8******@q*.com 获得了 312MB 流量.
[2023-08-17 03:17:34,983] [INFO] k*******@q*.com 获得了 441MB 流量.
[2023-08-18 03:17:44,180] [INFO] 8******@q*.com 获得了 324MB 流量.
[2023-08-18 03:17:45,576] [INFO] k*******@q*.com 获得了 305MB 流量.
[2023-08-19 03:17:24,864] [INFO] 8******@q*.com 获得了 489MB 流量.
[2023-08-19 03:17:26,350] [INFO] k*******@q*.com 获得了 468MB 流量.
[2023-08-20 03:17:08,607] [INFO] 8******@q*.com 获得了 403MB 流量.
[2023-08-20 03:17:10,351] [INFO] k*******@q*.com 获得了 436MB 流量.
[2023-08-21 03:17:48,008] [INFO] 8******@q*.com 获得了 498MB 流量.
[2023-08-21 03:17:49,647] [INFO] k*******@q*.com 获得了 395MB 流量.
[2023-08-22 03:17:48,015] [INFO] 8******@q*.com 获得了 431MB 流量.
[2023-08-22 03:17:49,234] [INFO] k*******@q*.com 获得了 488MB 流量.
[2023-08-23 03:17:34,842] [INFO] 8******@q*.com 获得了 313MB 流量.
[2023-08-23 03:17:36,586] [INFO] k*******@q*.com 获得了 457MB 流量.
[2023-08-24 03:17:47,837] [INFO] 8******@q*.com 获得了 485MB 流量.
[2023-08-24 03:17:49,426] [INFO] k*******@q*.com 获得了 361MB 流量.
[2023-08-25 03:18:02,255] [INFO] 8******@q*.com 获得了 456MB 流量.
[2023-08-25 03:18:03,989] [INFO] k*******@q*.com 获得了 479MB 流量.
[2023-08-26 03:17:42,974] [INFO] 8******@q*.com 获得了 306MB 流量.
[2023-08-26 03:17:44,521] [INFO] k*******@q*.com 获得了 364MB 流量.
[2023-08-27 03:17:26,990] [INFO] 8******@q*.com 获得了 483MB 流量.
[2023-08-27 03:17:28,666] [INFO] k*******@q*.com 获得了 390MB 流量.
[2023-08-28 03:18:19,988] [INFO] 8******@q*.com 获得了 460MB 流量.
[2023-08-28 03:18:21,683] [INFO] k*******@q*.com 获得了 450MB 流量.
[2023-08-29 03:18:30,550] [INFO] 8******@q*.com 获得了 411MB 流量.
[2023-08-29 03:18:32,099] [INFO] k*******@q*.com 获得了 309MB 流量.
[2023-08-30 03:18:14,014] [INFO] 8******@q*.com 获得了 489MB 流量.
[2023-08-30 03:18:15,437] [INFO] k*******@q*.com 获得了 425MB 流量.
[2023-08-31 03:18:12,725] [INFO] 8******@q*.com 获得了 402MB 流量.
[2023-08-31 03:18:14,059] [INFO] k*******@q*.com 获得了 399MB 流量.
[2023-09-01 03:18:30,131] [INFO] 8******@q*.com 获得了 318MB 流量.
[2023-09-01 03:18:31,720] [INFO] k*******@q*.com 获得了 400MB 流量.
[2023-09-02 03:17:35,014] [INFO] 8******@q*.com 获得了 440MB 流量.
[2023-09-02 03:17:36,440] [INFO] k*******@q*.com 获得了 392MB 流量.
[2023-09-03 03:17:32,759] [INFO] 8******@q*.com 获得了 318MB 流量.
[2023-09-03 03:17:34,450] [INFO] k*******@q*.com 获得了 484MB 流量.
[2023-09-04 03:18:14,029] [INFO] 8******@q*.com 获得了 362MB 流量.
[2023-09-04 03:18:15,698] [INFO] k*******@q*.com 获得了 365MB 流量.
[2023-09-05 03:18:11,719] [INFO] 8******@q*.com 获得了 472MB 流量.
[2023-09-05 03:18:13,471] [INFO] k*******@q*.com 获得了 411MB 流量.
[2023-09-06 03:18:13,082] [INFO] 8******@q*.com 获得了 324MB 流量.
[2023-09-06 03:18:14,632] [INFO] k*******@q*.com 获得了 410MB 流量.
[2023-09-07 03:18:05,434] [INFO] 8******@q*.com 获得了 327MB 流量.
[2023-09-07 03:18:06,977] [INFO] k*******@q*.com 获得了 464MB 流量.
[2023-09-08 03:17:55,977] [INFO] 8******@q*.com 获得了 437MB 流量.
[2023-09-08 03:17:57,671] [INFO] k*******@q*.com 获得了 434MB 流量.
[2023-09-09 03:17:48,521] [INFO] 8******@q*.com 获得了 482MB 流量.
[2023-09-09 03:17:50,259] [INFO] k*******@q*.com 获得了 420MB 流量.
[2023-09-10 03:17:42,715] [INFO] 8******@q*.com 获得了 491MB 流量.
[2023-09-10 03:17:44,415] [INFO] k*******@q*.com 获得了 418MB 流量.
[2023-09-11 03:18:20,594] [INFO] 8******@q*.com 获得了 415MB 流量.
[2023-09-11 03:18:22,072] [INFO] k*******@q*.com 获得了 353MB 流量.
[2023-09-12 03:18:03,013] [INFO] 8******@q*.com 获得了 326MB 流量.
[2023-09-12 03:18:04,790] [INFO] k*******@q*.com 获得了 366MB 流量.
[2023-09-13 03:18:13,462] [INFO] 8******@q*.com 获得了 421MB 流量.
[2023-09-13 03:18:15,184] [INFO] k*******@q*.com 获得了 460MB 流量.
[2023-09-14 03:18:06,682] [INFO] 8******@q*.com 获得了 419MB 流量.
[2023-09-14 03:18:07,932] [INFO] k*******@q*.com 获得了 331MB 流量.
[2023-09-15 03:18:07,837] [INFO] 8******@q*.com 获得了 403MB 流量.
[2023-09-15 03:18:09,566] [INFO] k*******@q*.com 获得了 321MB 流量.
[2023-09-16 03:17:43,977] [INFO] 8******@q*.com 获得了 408MB 流量.
[2023-09-16 03:17:45,526] [INFO] k*******@q*.com 获得了 422MB 流量.
[2023-09-17 03:17:34,299] [INFO] 8******@q*.com 获得了 396MB 流量.
[2023-09-17 03:17:36,097] [INFO] k*******@q*.com 获得了 393MB 流量.
[2023-09-18 03:18:17,162] [INFO] 8******@q*.com 获得了 368MB 流量.
[2023-09-18 03:18:18,505] [INFO] k*******@q*.com 获得了 366MB 流量.
[2023-10-07 03:18:20,426] [INFO] 8******@q*.com 获得了 305MB 流量.
[2023-10-07 03:18:21,951] [INFO] k*******@q*.com 获得了 484MB 流量.
[2023-10-08 03:17:51,921] [INFO] 8******@q*.com 获得了 341MB 流量.
[2023-10-08 03:17:53,265] [INFO] k*******@q*.com 获得了 425MB 流量.
[2023-10-09 03:18:20,087] [INFO] 8******@q*.com 获得了 346MB 流量.
[2023-10-09 03:18:21,086] [INFO] k*******@q*.com 获得了 455MB 流量.
[2023-10-10 03:18:32,898] [INFO] 8******@q*.com 获得了 425MB 流量.
[2023-10-10 03:18:33,922] [INFO] k*******@q*.com 获得了 381MB 流量.
[2023-10-11 03:18:44,866] [INFO] 8******@q*.com 获得了 372MB 流量.
[2023-10-11 03:18:45,880] [INFO] k*******@q*.com 获得了 481MB 流量.
[2023-10-12 03:18:15,750] [INFO] 8******@q*.com 获得了 464MB 流量.
[2023-10-12 03:18:16,701] [INFO] k*******@q*.com 获得了 455MB 流量.
[2023-10-13 03:19:06,218] [INFO] 8******@q*.com 获得了 306MB 流量.
[2023-10-13 03:19:07,215] [INFO] k*******@q*.com 获得了 405MB 流量.
[2023-10-14 03:17:49,313] [INFO] 8******@q*.com 获得了 383MB 流量.
[2023-10-14 03:17:50,913] [INFO] k*******@q*.com 获得了 347MB 流量.
[2023-10-15 03:18:07,171] [INFO] 8******@q*.com 获得了 353MB 流量.
[2023-10-15 03:18:08,666] [INFO] k*******@q*.com 获得了 391MB 流量.
[2023-10-16 03:18:53,363] [INFO] 8******@q*.com 获得了 458MB 流量.
[2023-10-16 03:18:54,918] [INFO] k*******@q*.com 获得了 449MB 流量.
[2023-10-17 03:18:43,934] [INFO] 8******@q*.com 获得了 444MB 流量.
[2023-10-17 03:18:45,132] [INFO] k*******@q*.com 获得了 441MB 流量.
[2023-10-18 03:18:40,400] [INFO] 8******@q*.com 获得了 464MB 流量.
[2023-10-18 03:18:41,862] [INFO] k*******@q*.com 获得了 325MB 流量.
[2023-10-19 03:18:30,132] [INFO] 8******@q*.com 获得了 328MB 流量.
[2023-10-19 03:18:31,961] [INFO] k*******@q*.com 获得了 471MB 流量.
[2023-10-20 03:18:18,262] [INFO] 8******@q*.com 获得了 462MB 流量.
[2023-10-20 03:18:19,919] [INFO] k*******@q*.com 获得了 389MB 流量.
[2023-10-21 03:17:51,781] [INFO] 8******@q*.com 获得了 370MB 流量.
[2023-10-21 03:17:53,213] [INFO] k*******@q*.com 获得了 492MB 流量.
[2023-10-22 03:19:04,195] [INFO] 8******@q*.com 获得了 431MB 流量.
[2023-10-22 03:19:05,874] [INFO] k*******@q*.com 获得了 494MB 流量.
[2023-10-23 03:18:54,072] [INFO] 8******@q*.com 获得了 392MB 流量.
[2023-10-23 03:18:55,613] [INFO] k*******@q*.com 获得了 333MB 流量.
[2023-10-24 03:19:37,095] [INFO] 8******@q*.com 获得了 497MB 流量.
[2023-10-24 03:19:38,358] [INFO] k*******@q*.com 获得了 333MB 流量.
[2023-10-25 03:18:37,221] [INFO] 8******@q*.com 获得了 319MB 流量.
[2023-10-25 03:18:38,606] [INFO] k*******@q*.com 获得了 398MB 流量.
[2023-10-26 03:18:10,307] [INFO] 8******@q*.com 获得了 322MB 流量.
[2023-10-26 03:18:11,686] [INFO] k*******@q*.com 获得了 478MB 流量.
[2023-10-27 03:18:09,236] [INFO] 8******@q*.com 获得了 304MB 流量.
[2023-10-27 03:18:10,964] [INFO] k*******@q*.com 获得了 391MB 流量.
[2023-10-28 03:17:54,734] [INFO] 8******@q*.com 获得了 423MB 流量.
[2023-10-28 03:17:56,395] [INFO] k*******@q*.com 获得了 378MB 流量.
[2023-10-29 03:18:09,046] [INFO] 8******@q*.com 获得了 387MB 流量.
[2023-10-29 03:18:10,431] [INFO] k*******@q*.com 获得了 398MB 流量.
[2023-10-30 03:18:53,825] [INFO] 8******@q*.com 获得了 323MB 流量.
[2023-10-30 03:18:55,251] [INFO] k*******@q*.com 获得了 316MB 流量.
[2023-10-31 03:18:26,384] [INFO] 8******@q*.com 获得了 377MB 流量.
[2023-10-31 03:18:27,578] [INFO] k*******@q*.com 获得了 363MB 流量.
[2023-11-01 03:18:59,309] [INFO] 8******@q*.com 获得了 415MB 流量.
[2023-11-01 03:19:00,868] [INFO] k*******@q*.com 获得了 313MB 流量.
[2023-11-02 03:18:41,395] [INFO] 8******@q*.com 获得了 427MB 流量.
[2023-11-02 03:18:42,969] [INFO] k*******@q*.com 获得了 402MB 流量.
[2023-11-03 03:18:21,828] [INFO] 8******@q*.com 获得了 478MB 流量.
[2023-11-03 03:18:23,366] [INFO] k*******@q*.com 获得了 354MB 流量.
[2023-11-04 03:18:14,347] [INFO] 8******@q*.com 获得了 499MB 流量.
[2023-11-04 03:18:16,014] [INFO] k*******@q*.com 获得了 369MB 流量.
[2023-11-05 03:20:27,900] [INFO] 8******@q*.com 获得了 390MB 流量.
[2023-11-05 03:20:29,211] [INFO] k*******@q*.com 获得了 474MB 流量.
[2023-11-06 03:18:58,877] [INFO] 8******@q*.com 获得了 389MB 流量.
[2023-11-06 03:19:00,674] [INFO] k*******@q*.com 获得了 453MB 流量.
[2023-11-07 03:18:48,180] [INFO] 8******@q*.com 获得了 470MB 流量.
[2023-11-07 03:18:49,928] [INFO] k*******@q*.com 获得了 404MB 流量.
[2023-11-08 03:18:46,276] [INFO] 8******@q*.com 获得了 472MB 流量.
[2023-11-08 03:18:47,710] [INFO] k*******@q*.com 获得了 455MB 流量.
[2023-11-09 03:18:27,698] [INFO] 8******@q*.com 获得了 382MB 流量.
[2023-11-09 03:18:28,965] [INFO] k*******@q*.com 获得了 381MB 流量.
[2023-11-10 03:18:51,773] [INFO] 8******@q*.com 获得了 321MB 流量.
[2023-11-10 03:18:53,985] [INFO] k*******@q*.com 获得了 430MB 流量.
[2023-11-11 03:20:02,764] [INFO] 8******@q*.com 获得了 386MB 流量.
[2023-11-11 03:20:04,640] [INFO] k*******@q*.com 获得了 411MB 流量.
[2023-11-12 03:18:09,917] [INFO] 8******@q*.com 获得了 401MB 流量.
[2023-11-12 03:18:11,607] [INFO] k*******@q*.com 获得了 390MB 流量.
[2023-11-13 03:19:01,207] [INFO] 8******@q*.com 获得了 472MB 流量.
[2023-11-13 03:19:03,167] [INFO] k*******@q*.com 获得了 417MB 流量.
[2023-11-14 03:18:46,939] [INFO] 8******@q*.com 获得了 342MB 流量.
[2023-11-14 03:18:48,402] [INFO] k*******@q*.com 获得了 486MB 流量.
[2023-11-15 03:19:18,893] [INFO] 8******@q*.com 获得了 375MB 流量.
[2023-11-15 03:19:20,626] [INFO] k*******@q*.com 获得了 300MB 流量.
[2023-11-16 03:19:36,590] [INFO] 8******@q*.com 获得了 384MB 流量.
[2023-11-16 03:19:38,211] [INFO] k*******@q*.com 获得了 355MB 流量.
[2023-11-17 03:19:23,205] [INFO] 8******@q*.com 获得了 320MB 流量.
[2023-11-17 03:19:24,754] [INFO] k*******@q*.com 获得了 497MB 流量.
[2023-11-18 03:18:56,233] [INFO] 8******@q*.com 获得了 452MB 流量.
[2023-11-18 03:18:57,449] [INFO] k*******@q*.com 获得了 354MB 流量.
[2023-11-19 03:18:59,461] [INFO] 8******@q*.com 获得了 367MB 流量.
[2023-11-19 03:19:00,882] [INFO] k*******@q*.com 获得了 419MB 流量.
[2023-11-20 03:19:46,292] [INFO] 8******@q*.com 获得了 403MB 流量.
[2023-11-20 03:19:47,812] [INFO] k*******@q*.com 获得了 402MB 流量.
[2023-11-21 03:20:08,098] [INFO] 8******@q*.com 获得了 335MB 流量.
[2023-11-21 03:20:09,582] [INFO] k*******@q*.com 获得了 376MB 流量.
[2023-11-22 03:20:02,558] [INFO] 8******@q*.com 获得了 384MB 流量.
[2023-11-22 03:20:04,033] [INFO] k*******@q*.com 获得了 436MB 流量.
[2023-11-23 03:19:27,380] [INFO] 8******@q*.com 获得了 332MB 流量.
[2023-11-23 03:19:28,403] [INFO] k*******@q*.com 获得了 317MB 流量.
[2023-11-24 03:19:25,507] [INFO] 8******@q*.com 获得了 363MB 流量.
[2023-11-24 03:19:26,977] [INFO] k*******@q*.com 获得了 465MB 流量.
[2023-11-25 03:19:21,853] [INFO] 8******@q*.com 获得了 336MB 流量.
[2023-11-25 03:19:23,323] [INFO] k*******@q*.com 获得了 352MB 流量.
[2023-11-26 03:18:41,703] [INFO] 8******@q*.com 获得了 489MB 流量.
[2023-11-26 03:18:43,183] [INFO] k*******@q*.com 获得了 377MB 流量.
[2023-11-27 03:19:31,172] [INFO] 8******@q*.com 获得了 498MB 流量.
[2023-11-27 03:19:32,632] [INFO] k*******@q*.com 获得了 335MB 流量.
[2023-11-28 03:19:39,353] [INFO] 8******@q*.com 获得了 416MB 流量.
[2023-11-28 03:19:40,533] [INFO] k*******@q*.com 获得了 441MB 流量.
[2023-11-29 03:19:18,138] [INFO] 8******@q*.com 获得了 432MB 流量.
[2023-11-29 03:19:19,620] [INFO] k*******@q*.com 获得了 497MB 流量.
[2023-11-30 03:19:20,502] [INFO] 8******@q*.com 获得了 443MB 流量.
[2023-11-30 03:19:22,035] [INFO] k*******@q*.com 获得了 467MB 流量.
[2023-12-01 03:19:59,245] [INFO] 8******@q*.com 获得了 378MB 流量.
[2023-12-01 03:20:00,313] [INFO] k*******@q*.com 获得了 306MB 流量.
[2023-12-02 03:18:50,870] [INFO] 8******@q*.com 获得了 331MB 流量.
[2023-12-02 03:18:52,113] [INFO] k*******@q*.com 获得了 344MB 流量.
[2023-12-03 03:18:52,019] [INFO] 8******@q*.com 获得了 443MB 流量.
[2023-12-03 03:18:53,507] [INFO] k*******@q*.com 获得了 445MB 流量.
[2023-12-04 03:19:54,140] [INFO] 8******@q*.com 获得了 491MB 流量.
[2023-12-04 03:19:55,572] [INFO] k*******@q*.com 获得了 350MB 流量.
[2023-12-05 03:19:58,130] [INFO] 8******@q*.com 获得了 493MB 流量.
[2023-12-05 03:19:59,619] [INFO] k*******@q*.com 获得了 306MB 流量.
[2023-12-06 03:19:50,972] [INFO] 8******@q*.com 获得了 303MB 流量.
[2023-12-06 03:19:52,465] [INFO] k*******@q*.com 获得了 478MB 流量.
[2023-12-07 03:19:37,850] [INFO] 8******@q*.com 获得了 314MB 流量.
[2023-12-07 03:19:39,315] [INFO] k*******@q*.com 获得了 485MB 流量.
[2023-12-08 03:19:31,677] [INFO] 8******@q*.com 获得了 473MB 流量.
[2023-12-08 03:19:33,134] [INFO] k*******@q*.com 获得了 484MB 流量.
[2023-12-09 03:18:54,302] [INFO] 8******@q*.com 获得了 419MB 流量.
[2023-12-09 03:18:55,792] [INFO] k*******@q*.com 获得了 333MB 流量.
[2023-12-10 03:19:18,529] [INFO] 8******@q*.com 获得了 457MB 流量.
[2023-12-10 03:19:20,015] [INFO] k*******@q*.com 获得了 370MB 流量.
[2023-12-11 03:20:11,814] [INFO] 8******@q*.com 获得了 338MB 流量.
[2023-12-11 03:20:13,305] [INFO] k*******@q*.com 获得了 422MB 流量.
[2023-12-12 03:19:40,058] [INFO] 8******@q*.com 获得了 473MB 流量.
[2023-12-12 03:19:41,282] [INFO] k*******@q*.com 获得了 493MB 流量.
[2023-12-13 03:19:59,058] [INFO] 8******@q*.com 获得了 365MB 流量.
[2023-12-13 03:20:00,329] [INFO] k*******@q*.com 获得了 356MB 流量.
[2023-12-14 03:19:43,899] [INFO] 8******@q*.com 获得了 303MB 流量.
[2023-12-14 03:19:45,114] [INFO] k*******@q*.com 获得了 415MB 流量.
[2023-12-15 03:20:11,134] [INFO] 8******@q*.com 获得了 402MB 流量.
[2023-12-15 03:20:12,637] [INFO] k*******@q*.com 获得了 493MB 流量.
[2023-12-16 03:19:02,689] [INFO] 8******@q*.com 获得了 444MB 流量.
[2023-12-16 03:19:03,903] [INFO] k*******@q*.com 获得了 409MB 流量.
[2023-12-17 03:19:01,032] [INFO] 8******@q*.com 获得了 337MB 流量.
[2023-12-17 03:19:02,306] [INFO] k*******@q*.com 获得了 371MB 流量.
[2023-12-18 03:19:55,863] [INFO] 8******@q*.com 获得了 398MB 流量.
[2023-12-18 03:19:57,398] [INFO] k*******@q*.com 获得了 414MB 流量.
[2023-12-19 03:20:19,742] [INFO] 8******@q*.com 获得了 424MB 流量.
[2023-12-19 03:20:20,829] [INFO] k*******@q*.com 获得了 478MB 流量.
[2023-12-20 03:16:04,104] [INFO] 8******@q*.com 获得了 364MB 流量.
[2023-12-20 03:16:05,329] [INFO] k*******@q*.com 获得了 379MB 流量.
[2023-12-21 03:19:25,707] [INFO] 8******@q*.com 获得了 436MB 流量.
[2023-12-21 03:19:27,147] [INFO] k*******@q*.com 获得了 337MB 流量.
[2023-12-22 03:19:33,264] [INFO] 8******@q*.com 获得了 463MB 流量.
[2023-12-22 03:19:34,303] [INFO] k*******@q*.com 获得了 305MB 流量.
[2023-12-23 03:18:48,346] [INFO] 8******@q*.com 获得了 343MB 流量.
[2023-12-23 03:18:49,622] [INFO] k*******@q*.com 获得了 427MB 流量.
[2023-12-24 03:18:46,408] [INFO] 8******@q*.com 获得了 445MB 流量.
[2023-12-24 03:18:47,681] [INFO] k*******@q*.com 获得了 336MB 流量.
[2023-12-25 03:19:37,326] [INFO] 8******@q*.com 获得了 445MB 流量.
[2023-12-25 03:19:38,540] [INFO] k*******@q*.com 获得了 453MB 流量.
[2023-12-26 03:19:20,452] [INFO] 8******@q*.com 系统无法接受您的验证结果，请完成非机器人验证。
[2023-12-26 03:19:21,643] [INFO] k*******@q*.com 系统无法接受您的验证结果，请完成非机器人验证。
[2023-12-27 03:19:25,109] [INFO] 8******@q*.com 系统无法接受您的验证结果，请完成非机器人验证。
[2023-12-27 03:19:26,347] [INFO] k*******@q*.com 系统无法接受您的验证结果，请完成非机器人验证。
[2023-12-28 03:19:24,094] [INFO] 8******@q*.com 系统无法接受您的验证结果，请完成非机器人验证。
[2023-12-28 03:19:25,347] [INFO] k*******@q*.com 系统无法接受您的验证结果，请完成非机器人验证。
[2023-12-29 03:19:39,279] [INFO] 8******@q*.com 系统无法接受您的验证结果，请完成非机器人验证。
[2023-12-29 03:19:40,487] [INFO] k*******@q*.com 系统无法接受您的验证结果，请完成非机器人验证。
[2023-12-30 03:19:08,659] [INFO] 8******@q*.com 系统无法接受您的验证结果，请完成非机器人验证。
[2023-12-30 03:19:09,911] [INFO] k*******@q*.com 系统无法接受您的验证结果，请完成非机器人验证。
[2023-12-31 03:19:18,246] [INFO] 8******@q*.com 系统无法接受您的验证结果，请完成非机器人验证。
[2023-12-31 03:19:19,717] [INFO] k*******@q*.com 系统无法接受您的验证结果，请完成非机器人验证。
[2024-01-01 03:20:29,447] [INFO] 8******@q*.com 系统无法接受您的验证结果，请完成非机器人验证。
[2024-01-01 03:20:30,919] [INFO] k*******@q*.com 系统无法接受您的验证结果，请完成非机器人验证。
[2024-01-02 03:19:40,963] [INFO] 8******@q*.com 系统无法接受您的验证结果，请完成非机器人验证。
[2024-01-02 03:19:42,114] [INFO] k*******@q*.com 系统无法接受您的验证结果，请完成非机器人验证。
[2024-01-03 03:20:23,745] [INFO] 8******@q*.com 系统无法接受您的验证结果，请完成非机器人验证。
[2024-01-03 03:20:24,945] [INFO] k*******@q*.com 系统无法接受您的验证结果，请完成非机器人验证。
[2024-01-04 03:19:49,294] [INFO] 8******@q*.com 系统无法接受您的验证结果，请完成非机器人验证。
[2024-01-04 03:19:50,738] [INFO] k*******@q*.com 系统无法接受您的验证结果，请完成非机器人验证。
[2024-01-05 03:19:33,787] [INFO] 8******@q*.com 系统无法接受您的验证结果，请完成非机器人验证。
[2024-01-05 03:19:35,306] [INFO] k*******@q*.com 系统无法接受您的验证结果，请完成非机器人验证。
[2024-01-06 03:19:05,376] [INFO] 8******@q*.com 系统无法接受您的验证结果，请完成非机器人验证。
[2024-01-06 03:19:06,584] [INFO] k*******@q*.com 系统无法接受您的验证结果，请完成非机器人验证。
[2024-01-07 03:19:18,359] [INFO] 8******@q*.com 系统无法接受您的验证结果，请完成非机器人验证。
[2024-01-07 03:19:19,809] [INFO] k*******@q*.com 系统无法接受您的验证结果，请完成非机器人验证。
[2024-01-08 03:20:19,463] [INFO] 8******@q*.com 系统无法接受您的验证结果，请完成非机器人验证。
[2024-01-08 03:20:20,929] [INFO] k*******@q*.com 系统无法接受您的验证结果，请完成非机器人验证。
[2024-01-09 03:20:01,937] [INFO] 8******@q*.com 系统无法接受您的验证结果，请完成非机器人验证。
[2024-01-09 03:20:03,129] [INFO] k*******@q*.com 系统无法接受您的验证结果，请完成非机器人验证。
[2024-01-10 03:20:08,345] [INFO] 8******@q*.com 系统无法接受您的验证结果，请完成非机器人验证。
[2024-01-10 03:20:09,521] [INFO] k*******@q*.com 系统无法接受您的验证结果，请完成非机器人验证。
[2024-01-11 03:20:04,732] [INFO] 8******@q*.com 系统无法接受您的验证结果，请完成非机器人验证。
[2024-01-11 03:20:06,173] [INFO] k*******@q*.com 系统无法接受您的验证结果，请完成非机器人验证。
[2024-01-12 03:20:02,602] [INFO] 8******@q*.com 系统无法接受您的验证结果，请完成非机器人验证。
[2024-01-12 03:20:03,753] [INFO] k*******@q*.com 系统无法接受您的验证结果，请完成非机器人验证。
[2024-01-13 03:19:28,455] [INFO] 8******@q*.com 系统无法接受您的验证结果，请完成非机器人验证。
[2024-01-13 03:19:31,256] [INFO] k*******@q*.com 系统无法接受您的验证结果，请完成非机器人验证。
[2024-01-14 03:20:10,116] [INFO] 8******@q*.com 系统无法接受您的验证结果，请完成非机器人验证。
[2024-01-14 03:20:11,561] [INFO] k*******@q*.com 系统无法接受您的验证结果，请完成非机器人验证。
[2024-01-15 03:20:35,335] [INFO] 8******@q*.com 系统无法接受您的验证结果，请完成非机器人验证。
[2024-01-15 03:20:36,808] [INFO] k*******@q*.com 系统无法接受您的验证结果，请完成非机器人验证。
[2024-01-16 03:21:19,496] [INFO] 8******@q*.com 系统无法接受您的验证结果，请完成非机器人验证。
[2024-01-16 03:21:20,862] [INFO] k*******@q*.com 系统无法接受您的验证结果，请完成非机器人验证。
[2024-01-17 03:21:14,751] [INFO] 8******@q*.com 系统无法接受您的验证结果，请完成非机器人验证。
[2024-01-17 03:21:16,233] [INFO] k*******@q*.com 系统无法接受您的验证结果，请完成非机器人验证。
[2024-01-18 03:20:26,841] [INFO] 8******@q*.com 系统无法接受您的验证结果，请完成非机器人验证。
[2024-01-18 03:20:27,823] [INFO] k*******@q*.com 系统无法接受您的验证结果，请完成非机器人验证。
[2024-01-19 03:20:29,389] [INFO] 8******@q*.com 系统无法接受您的验证结果，请完成非机器人验证。
[2024-01-19 03:20:30,372] [INFO] k*******@q*.com 系统无法接受您的验证结果，请完成非机器人验证。
[2024-01-20 03:19:38,370] [INFO] 8******@q*.com 系统无法接受您的验证结果，请完成非机器人验证。
[2024-01-20 03:19:39,492] [INFO] k*******@q*.com 系统无法接受您的验证结果，请完成非机器人验证。
[2024-01-21 03:19:39,424] [INFO] 8******@q*.com 系统无法接受您的验证结果，请完成非机器人验证。
[2024-01-21 03:19:40,821] [INFO] k*******@q*.com 系统无法接受您的验证结果，请完成非机器人验证。
[2024-01-22 03:20:59,852] [INFO] 8******@q*.com 系统无法接受您的验证结果，请完成非机器人验证。
[2024-01-22 03:21:01,020] [INFO] k*******@q*.com 系统无法接受您的验证结果，请完成非机器人验证。
[2024-01-23 03:20:27,984] [INFO] 8******@q*.com 系统无法接受您的验证结果，请完成非机器人验证。
[2024-01-23 03:20:29,410] [INFO] k*******@q*.com 系统无法接受您的验证结果，请完成非机器人验证。
[2024-01-24 03:20:21,528] [INFO] 8******@q*.com 系统无法接受您的验证结果，请完成非机器人验证。
[2024-01-24 03:20:54,407] [INFO] k*******@q*.com 系统无法接受您的验证结果，请完成非机器人验证。
[2024-01-25 03:20:20,869] [INFO] 8******@q*.com 系统无法接受您的验证结果，请完成非机器人验证。
[2024-01-25 03:20:22,345] [INFO] k*******@q*.com 系统无法接受您的验证结果，请完成非机器人验证。
[2024-01-26 03:19:51,960] [INFO] 8******@q*.com 系统无法接受您的验证结果，请完成非机器人验证。
[2024-01-26 03:19:53,337] [INFO] k*******@q*.com 系统无法接受您的验证结果，请完成非机器人验证。
[2024-01-27 03:17:39,734] [INFO] 8******@q*.com 系统无法接受您的验证结果，请完成非机器人验证。
[2024-01-27 03:17:40,885] [INFO] k*******@q*.com 系统无法接受您的验证结果，请完成非机器人验证。
[2024-01-28 03:17:39,171] [INFO] 8******@q*.com 系统无法接受您的验证结果，请完成非机器人验证。
[2024-01-28 03:17:40,327] [INFO] k*******@q*.com 系统无法接受您的验证结果，请完成非机器人验证。
[2024-01-29 03:19:04,039] [INFO] 8******@q*.com 系统无法接受您的验证结果，请完成非机器人验证。
[2024-01-29 03:19:05,205] [INFO] k*******@q*.com 系统无法接受您的验证结果，请完成非机器人验证。
[2024-01-30 03:18:08,888] [INFO] 8******@q*.com 系统无法接受您的验证结果，请完成非机器人验证。
[2024-01-30 03:18:10,255] [INFO] k*******@q*.com 系统无法接受您的验证结果，请完成非机器人验证。
[2024-01-31 03:18:32,230] [INFO] 8******@q*.com 系统无法接受您的验证结果，请完成非机器人验证。
[2024-01-31 03:18:33,672] [INFO] k*******@q*.com 系统无法接受您的验证结果，请完成非机器人验证。
[2024-02-01 03:19:29,846] [INFO] 8******@q*.com 系统无法接受您的验证结果，请完成非机器人验证。
[2024-02-01 03:19:31,219] [INFO] k*******@q*.com 系统无法接受您的验证结果，请完成非机器人验证。
[2024-02-02 03:18:52,509] [INFO] 8******@q*.com 系统无法接受您的验证结果，请完成非机器人验证。
[2024-02-02 03:18:53,957] [INFO] k*******@q*.com 系统无法接受您的验证结果，请完成非机器人验证。
[2024-02-03 03:20:51,915] [INFO] 8******@q*.com 系统无法接受您的验证结果，请完成非机器人验证。
[2024-02-03 03:20:53,255] [INFO] k*******@q*.com 系统无法接受您的验证结果，请完成非机器人验证。
[2024-02-04 03:19:24,551] [INFO] 8******@q*.com 系统无法接受您的验证结果，请完成非机器人验证。
[2024-02-04 03:19:25,715] [INFO] k*******@q*.com 系统无法接受您的验证结果，请完成非机器人验证。
[2024-02-05 03:19:32,901] [INFO] 8******@q*.com 系统无法接受您的验证结果，请完成非机器人验证。
[2024-02-05 03:19:34,313] [INFO] k*******@q*.com 系统无法接受您的验证结果，请完成非机器人验证。
[2024-02-06 03:19:14,906] [INFO] 8******@q*.com 系统无法接受您的验证结果，请完成非机器人验证。
[2024-02-06 03:19:16,064] [INFO] k*******@q*.com 系统无法接受您的验证结果，请完成非机器人验证。
[2024-02-07 03:19:27,598] [INFO] 8******@q*.com 系统无法接受您的验证结果，请完成非机器人验证。
[2024-02-07 03:19:28,764] [INFO] k*******@q*.com 系统无法接受您的验证结果，请完成非机器人验证。
[2024-02-08 03:19:02,797] [INFO] 8******@q*.com 系统无法接受您的验证结果，请完成非机器人验证。
[2024-02-08 03:19:04,237] [INFO] k*******@q*.com 系统无法接受您的验证结果，请完成非机器人验证。
[2024-02-09 03:18:49,908] [INFO] 8******@q*.com 系统无法接受您的验证结果，请完成非机器人验证。
[2024-02-09 03:18:50,908] [INFO] k*******@q*.com 系统无法接受您的验证结果，请完成非机器人验证。
[2024-02-10 03:18:50,385] [INFO] 8******@q*.com 系统无法接受您的验证结果，请完成非机器人验证。
[2024-02-10 03:18:51,588] [INFO] k*******@q*.com 系统无法接受您的验证结果，请完成非机器人验证。
[2024-02-11 03:18:40,342] [INFO] 8******@q*.com 系统无法接受您的验证结果，请完成非机器人验证。
[2024-02-11 03:18:41,706] [INFO] k*******@q*.com 系统无法接受您的验证结果，请完成非机器人验证。
[2024-02-12 03:18:47,614] [INFO] 8******@q*.com 系统无法接受您的验证结果，请完成非机器人验证。
[2024-02-12 03:18:48,772] [INFO] k*******@q*.com 系统无法接受您的验证结果，请完成非机器人验证。
[2024-02-13 03:19:39,387] [INFO] 8******@q*.com 系统无法接受您的验证结果，请完成非机器人验证。
[2024-02-13 03:19:40,743] [INFO] k*******@q*.com 系统无法接受您的验证结果，请完成非机器人验证。
[2024-02-14 03:20:04,021] [INFO] 8******@q*.com 系统无法接受您的验证结果，请完成非机器人验证。
[2024-02-14 03:20:05,187] [INFO] k*******@q*.com 系统无法接受您的验证结果，请完成非机器人验证。
[2024-02-15 03:20:53,243] [INFO] 8******@q*.com 系统无法接受您的验证结果，请完成非机器人验证。
[2024-02-15 03:20:54,233] [INFO] k*******@q*.com 系统无法接受您的验证结果，请完成非机器人验证。
[2024-02-16 03:20:07,179] [INFO] 8******@q*.com 系统无法接受您的验证结果，请完成非机器人验证。
[2024-02-16 03:20:08,548] [INFO] k*******@q*.com 系统无法接受您的验证结果，请完成非机器人验证。
[2024-02-17 03:18:59,686] [INFO] 8******@q*.com 系统无法接受您的验证结果，请完成非机器人验证。
[2024-02-17 03:19:32,550] [INFO] k*******@q*.com 系统无法接受您的验证结果，请完成非机器人验证。
[2024-02-18 03:18:14,138] [INFO] 8******@q*.com 系统无法接受您的验证结果，请完成非机器人验证。
[2024-02-18 03:18:15,506] [INFO] k*******@q*.com 系统无法接受您的验证结果，请完成非机器人验证。
[2024-02-19 03:19:03,430] [INFO] 8******@q*.com 系统无法接受您的验证结果，请完成非机器人验证。
[2024-02-19 03:19:04,604] [INFO] k*******@q*.com 系统无法接受您的验证结果，请完成非机器人验证。
[2024-02-20 03:19:26,332] [INFO] 8******@q*.com 系统无法接受您的验证结果，请完成非机器人验证。
[2024-02-20 03:19:27,321] [INFO] k*******@q*.com 系统无法接受您的验证结果，请完成非机器人验证。
[2024-02-21 03:18:31,377] [INFO] 8******@q*.com 系统无法接受您的验证结果，请完成非机器人验证。
[2024-02-21 03:18:32,751] [INFO] k*******@q*.com 系统无法接受您的验证结果，请完成非机器人验证。
[2024-02-22 03:18:39,065] [INFO] 8******@q*.com 系统无法接受您的验证结果，请完成非机器人验证。
[2024-02-22 03:18:40,430] [INFO] k*******@q*.com 系统无法接受您的验证结果，请完成非机器人验证。
[2024-02-23 03:18:33,479] [INFO] 8******@q*.com 系统无法接受您的验证结果，请完成非机器人验证。
[2024-02-23 03:18:34,678] [INFO] k*******@q*.com 系统无法接受您的验证结果，请完成非机器人验证。
[2024-02-24 03:20:23,739] [INFO] 8******@q*.com 系统无法接受您的验证结果，请完成非机器人验证。
[2024-02-24 03:20:24,915] [INFO] k*******@q*.com 系统无法接受您的验证结果，请完成非机器人验证。
[2024-02-25 03:20:08,560] [INFO] 8******@q*.com 系统无法接受您的验证结果，请完成非机器人验证。
[2024-02-25 03:20:10,063] [INFO] k*******@q*.com 系统无法接受您的验证结果，请完成非机器人验证。
[2024-02-26 03:19:52,688] [INFO] 8******@q*.com 系统无法接受您的验证结果，请完成非机器人验证。如果看不到非机器人验证按钮，请先翻墙再刷新页面。
[2024-02-26 03:19:54,158] [INFO] k*******@q*.com 系统无法接受您的验证结果，请完成非机器人验证。如果看不到非机器人验证按钮，请先翻墙再刷新页面。
[2024-02-27 03:19:22,402] [INFO] 8******@q*.com 系统无法接受您的验证结果，请完成非机器人验证。如果看不到非机器人验证按钮，请先翻墙再刷新页面。
[2024-02-27 03:19:23,564] [INFO] k*******@q*.com 系统无法接受您的验证结果，请完成非机器人验证。如果看不到非机器人验证按钮，请先翻墙再刷新页面。
[2024-02-28 03:18:27,480] [INFO] 8******@q*.com 系统无法接受您的验证结果，请完成非机器人验证。如果看不到非机器人验证按钮，请先翻墙再刷新页面。
[2024-02-28 03:18:28,915] [INFO] k*******@q*.com 系统无法接受您的验证结果，请完成非机器人验证。如果看不到非机器人验证按钮，请先翻墙再刷新页面。
[2024-02-29 03:21:11,816] [INFO] 8******@q*.com 系统无法接受您的验证结果，请完成非机器人验证。如果看不到非机器人验证按钮，请先翻墙再刷新页面。
[2024-02-29 03:21:13,004] [INFO] k*******@q*.com 系统无法接受您的验证结果，请完成非机器人验证。如果看不到非机器人验证按钮，请先翻墙再刷新页面。
[2024-03-01 03:23:28,877] [INFO] 8******@q*.com 系统无法接受您的验证结果，请完成非机器人验证。如果看不到非机器人验证按钮，请先翻墙再刷新页面。
[2024-03-01 03:23:30,333] [INFO] k*******@q*.com 系统无法接受您的验证结果，请完成非机器人验证。如果看不到非机器人验证按钮，请先翻墙再刷新页面。
[2024-03-02 03:17:45,670] [INFO] 8******@q*.com 系统无法接受您的验证结果，请完成非机器人验证。如果看不到非机器人验证按钮，请先翻墙再刷新页面。
[2024-03-02 03:17:46,843] [INFO] k*******@q*.com 系统无法接受您的验证结果，请完成非机器人验证。如果看不到非机器人验证按钮，请先翻墙再刷新页面。
[2024-03-03 03:17:53,379] [INFO] 8******@q*.com 系统无法接受您的验证结果，请完成非机器人验证。如果看不到非机器人验证按钮，请先翻墙再刷新页面。
[2024-03-03 03:17:54,512] [INFO] k*******@q*.com 系统无法接受您的验证结果，请完成非机器人验证。如果看不到非机器人验证按钮，请先翻墙再刷新页面。
[2024-03-04 03:48:21,920] [INFO] 8******@q*.com 系统无法接受您的验证结果，请完成非机器人验证。如果看不到非机器人验证按钮，请先翻墙再刷新页面。
[2024-03-04 03:48:23,361] [INFO] k*******@q*.com 系统无法接受您的验证结果，请完成非机器人验证。如果看不到非机器人验证按钮，请先翻墙再刷新页面。
[2024-03-05 03:20:09,993] [INFO] 8******@q*.com 系统无法接受您的验证结果，请完成非机器人验证。如果看不到非机器人验证按钮，请先翻墙再刷新页面。
[2024-03-05 03:20:31,099] [INFO] k*******@q*.com 系统无法接受您的验证结果，请完成非机器人验证。如果看不到非机器人验证按钮，请先翻墙再刷新页面。
[2024-03-06 03:18:42,281] [INFO] 8******@q*.com 系统无法接受您的验证结果，请完成非机器人验证。如果看不到非机器人验证按钮，请先翻墙再刷新页面。
[2024-03-06 03:18:43,846] [INFO] k*******@q*.com 系统无法接受您的验证结果，请完成非机器人验证。如果看不到非机器人验证按钮，请先翻墙再刷新页面。
[2024-03-07 03:16:24,471] [INFO] 8******@q*.com 系统无法接受您的验证结果，请完成非机器人验证。如果看不到非机器人验证按钮，请先翻墙再刷新页面。
[2024-03-07 03:16:25,744] [INFO] k*******@q*.com 系统无法接受您的验证结果，请完成非机器人验证。如果看不到非机器人验证按钮，请先翻墙再刷新页面。
[2024-03-08 03:18:19,861] [INFO] 8******@q*.com 获得了 393MB 流量.
[2024-03-08 03:18:21,375] [INFO] k*******@q*.com 获得了 481MB 流量.
[2024-03-09 03:22:02,964] [INFO] 8******@q*.com 系统无法接受您的验证结果，请完成非机器人验证。如果看不到非机器人验证按钮，请先翻墙再刷新页面。
[2024-03-09 03:22:04,306] [INFO] k*******@q*.com 系统无法接受您的验证结果，请完成非机器人验证。如果看不到非机器人验证按钮，请先翻墙再刷新页面。
[2024-03-10 03:18:51,611] [INFO] 8******@q*.com 系统无法接受您的验证结果，请完成非机器人验证。如果看不到非机器人验证按钮，请先翻墙再刷新页面。
[2024-03-10 03:18:52,635] [INFO] k*******@q*.com 系统无法接受您的验证结果，请完成非机器人验证。如果看不到非机器人验证按钮，请先翻墙再刷新页面。
[2024-03-11 03:21:06,694] [INFO] 8******@q*.com 系统无法接受您的验证结果，请完成非机器人验证。如果看不到非机器人验证按钮，请先翻墙再刷新页面。
[2024-03-11 03:21:07,380] [INFO] k*******@q*.com 系统无法接受您的验证结果，请完成非机器人验证。如果看不到非机器人验证按钮，请先翻墙再刷新页面。
[2024-03-12 03:22:17,928] [INFO] 8******@q*.com 系统无法接受您的验证结果，请完成非机器人验证。如果看不到非机器人验证按钮，请先翻墙再刷新页面。
[2024-03-12 03:22:18,645] [INFO] k*******@q*.com 系统无法接受您的验证结果，请完成非机器人验证。如果看不到非机器人验证按钮，请先翻墙再刷新页面。
[2024-03-13 03:20:17,959] [INFO] 8******@q*.com 系统无法接受您的验证结果，请完成非机器人验证。如果看不到非机器人验证按钮，请先翻墙再刷新页面。
[2024-03-13 03:20:19,733] [INFO] k*******@q*.com 系统无法接受您的验证结果，请完成非机器人验证。如果看不到非机器人验证按钮，请先翻墙再刷新页面。
[2024-03-14 03:19:06,305] [INFO] 8******@q*.com 系统无法接受您的验证结果，请完成非机器人验证。如果看不到非机器人验证按钮，请先翻墙再刷新页面。
[2024-03-14 03:19:08,141] [INFO] k*******@q*.com 系统无法接受您的验证结果，请完成非机器人验证。如果看不到非机器人验证按钮，请先翻墙再刷新页面。
[2024-03-15 03:20:45,369] [INFO] 8******@q*.com 系统无法接受您的验证结果，请完成非机器人验证。如果看不到非机器人验证按钮，请先翻墙再刷新页面。
[2024-03-15 03:20:47,260] [INFO] k*******@q*.com 系统无法接受您的验证结果，请完成非机器人验证。如果看不到非机器人验证按钮，请先翻墙再刷新页面。
[2024-03-16 03:19:11,888] [INFO] 8******@q*.com 系统无法接受您的验证结果，请完成非机器人验证。如果看不到非机器人验证按钮，请先翻墙再刷新页面。
[2024-03-16 03:19:13,289] [INFO] k*******@q*.com 系统无法接受您的验证结果，请完成非机器人验证。如果看不到非机器人验证按钮，请先翻墙再刷新页面。
[2024-03-17 03:18:29,310] [INFO] 8******@q*.com 系统无法接受您的验证结果，请完成非机器人验证。如果看不到非机器人验证按钮，请先翻墙再刷新页面。
[2024-03-17 03:18:30,761] [INFO] k*******@q*.com 系统无法接受您的验证结果，请完成非机器人验证。如果看不到非机器人验证按钮，请先翻墙再刷新页面。
[2024-03-18 03:20:10,620] [INFO] 8******@q*.com 系统无法接受您的验证结果，请完成非机器人验证。如果看不到非机器人验证按钮，请先翻墙再刷新页面。
[2024-03-18 03:20:11,941] [INFO] k*******@q*.com 系统无法接受您的验证结果，请完成非机器人验证。如果看不到非机器人验证按钮，请先翻墙再刷新页面。
[2024-03-19 03:18:58,376] [INFO] 8******@q*.com 系统无法接受您的验证结果，请完成非机器人验证。如果看不到非机器人验证按钮，请先翻墙再刷新页面。
[2024-03-19 03:18:59,868] [INFO] k*******@q*.com 系统无法接受您的验证结果，请完成非机器人验证。如果看不到非机器人验证按钮，请先翻墙再刷新页面。
[2024-03-20 03:19:33,702] [INFO] 8******@q*.com 系统无法接受您的验证结果，请完成非机器人验证。如果看不到非机器人验证按钮，请先翻墙再刷新页面。
[2024-03-20 03:19:35,160] [INFO] k*******@q*.com 系统无法接受您的验证结果，请完成非机器人验证。如果看不到非机器人验证按钮，请先翻墙再刷新页面。
[2024-03-21 03:20:10,565] [INFO] 8******@q*.com 系统无法接受您的验证结果，请完成非机器人验证。如果看不到非机器人验证按钮，请先翻墙再刷新页面。
[2024-03-21 03:20:31,850] [INFO] k*******@q*.com 系统无法接受您的验证结果，请完成非机器人验证。如果看不到非机器人验证按钮，请先翻墙再刷新页面。
[2024-03-22 03:19:07,137] [INFO] 8******@q*.com 系统无法接受您的验证结果，请完成非机器人验证。如果看不到非机器人验证按钮，请先翻墙再刷新页面。
[2024-03-22 03:19:08,343] [INFO] k*******@q*.com 系统无法接受您的验证结果，请完成非机器人验证。如果看不到非机器人验证按钮，请先翻墙再刷新页面。
[2024-03-23 03:19:57,260] [INFO] 8******@q*.com 系统无法接受您的验证结果，请完成非机器人验证。如果看不到非机器人验证按钮，请先翻墙再刷新页面。
[2024-03-23 03:19:58,485] [INFO] k*******@q*.com 系统无法接受您的验证结果，请完成非机器人验证。如果看不到非机器人验证按钮，请先翻墙再刷新页面。
[2024-03-24 03:18:13,813] [INFO] 8******@q*.com 系统无法接受您的验证结果，请完成非机器人验证。如果看不到非机器人验证按钮，请先翻墙再刷新页面。
[2024-03-24 03:18:15,279] [INFO] k*******@q*.com 系统无法接受您的验证结果，请完成非机器人验证。如果看不到非机器人验证按钮，请先翻墙再刷新页面。
[2024-03-25 03:21:23,881] [INFO] 8******@q*.com 系统无法接受您的验证结果，请完成非机器人验证。如果看不到非机器人验证按钮，请先翻墙再刷新页面。
[2024-03-25 03:21:25,241] [INFO] k*******@q*.com 系统无法接受您的验证结果，请完成非机器人验证。如果看不到非机器人验证按钮，请先翻墙再刷新页面。
[2024-03-26 03:18:29,450] [INFO] 8******@q*.com 系统无法接受您的验证结果，请完成非机器人验证。如果看不到非机器人验证按钮，请先翻墙再刷新页面。
[2024-03-26 03:18:30,920] [INFO] k*******@q*.com 系统无法接受您的验证结果，请完成非机器人验证。如果看不到非机器人验证按钮，请先翻墙再刷新页面。
[2024-03-27 03:20:00,075] [INFO] 8******@q*.com 系统无法接受您的验证结果，请完成非机器人验证。如果看不到非机器人验证按钮，请先翻墙再刷新页面。
[2024-03-27 03:20:01,545] [INFO] k*******@q*.com 系统无法接受您的验证结果，请完成非机器人验证。如果看不到非机器人验证按钮，请先翻墙再刷新页面。
[2024-03-28 03:20:25,135] [INFO] 8******@q*.com 系统无法接受您的验证结果，请完成非机器人验证。如果看不到非机器人验证按钮，请先翻墙再刷新页面。
[2024-03-28 03:20:26,555] [INFO] k*******@q*.com 系统无法接受您的验证结果，请完成非机器人验证。如果看不到非机器人验证按钮，请先翻墙再刷新页面。
[2024-03-29 03:18:34,384] [INFO] 8******@q*.com 系统无法接受您的验证结果，请完成非机器人验证。如果看不到非机器人验证按钮，请先翻墙再刷新页面。
[2024-03-29 03:18:35,625] [INFO] k*******@q*.com 系统无法接受您的验证结果，请完成非机器人验证。如果看不到非机器人验证按钮，请先翻墙再刷新页面。
[2024-03-30 03:21:48,798] [INFO] 8******@q*.com 系统无法接受您的验证结果，请完成非机器人验证。如果看不到非机器人验证按钮，请先翻墙再刷新页面。
[2024-03-30 03:21:50,240] [INFO] k*******@q*.com 系统无法接受您的验证结果，请完成非机器人验证。如果看不到非机器人验证按钮，请先翻墙再刷新页面。
[2024-03-31 03:20:33,095] [INFO] 8******@q*.com 系统无法接受您的验证结果，请完成非机器人验证。如果看不到非机器人验证按钮，请先翻墙再刷新页面。
[2024-03-31 03:20:34,271] [INFO] k*******@q*.com 系统无法接受您的验证结果，请完成非机器人验证。如果看不到非机器人验证按钮，请先翻墙再刷新页面。
[2024-04-01 03:19:25,921] [INFO] 8******@q*.com 系统无法接受您的验证结果，请完成非机器人验证。如果看不到非机器人验证按钮，请先翻墙再刷新页面。
[2024-04-01 03:19:27,329] [INFO] k*******@q*.com 系统无法接受您的验证结果，请完成非机器人验证。如果看不到非机器人验证按钮，请先翻墙再刷新页面。
[2024-04-02 03:21:05,128] [INFO] 8******@q*.com 系统无法接受您的验证结果，请完成非机器人验证。如果看不到非机器人验证按钮，请先翻墙再刷新页面。
[2024-04-02 03:21:06,391] [INFO] k*******@q*.com 系统无法接受您的验证结果，请完成非机器人验证。如果看不到非机器人验证按钮，请先翻墙再刷新页面。
[2024-04-03 03:19:56,607] [INFO] 8******@q*.com 系统无法接受您的验证结果，请完成非机器人验证。如果看不到非机器人验证按钮，请先翻墙再刷新页面。
[2024-04-03 03:19:58,071] [INFO] k*******@q*.com 系统无法接受您的验证结果，请完成非机器人验证。如果看不到非机器人验证按钮，请先翻墙再刷新页面。
[2024-04-04 03:21:38,922] [INFO] 8******@q*.com 系统无法接受您的验证结果，请完成非机器人验证。如果看不到非机器人验证按钮，请先翻墙再刷新页面。
[2024-04-04 03:21:39,920] [INFO] k*******@q*.com 系统无法接受您的验证结果，请完成非机器人验证。如果看不到非机器人验证按钮，请先翻墙再刷新页面。
[2024-04-05 03:21:07,363] [INFO] 8******@q*.com 系统无法接受您的验证结果，请完成非机器人验证。如果看不到非机器人验证按钮，请先翻墙再刷新页面。
[2024-04-05 03:21:08,828] [INFO] k*******@q*.com 系统无法接受您的验证结果，请完成非机器人验证。如果看不到非机器人验证按钮，请先翻墙再刷新页面。
[2024-04-06 03:19:10,293] [INFO] 8******@q*.com 系统无法接受您的验证结果，请完成非机器人验证。如果看不到非机器人验证按钮，请先翻墙再刷新页面。
[2024-04-06 03:19:11,673] [INFO] k*******@q*.com 系统无法接受您的验证结果，请完成非机器人验证。如果看不到非机器人验证按钮，请先翻墙再刷新页面。
[2024-04-07 03:19:21,799] [INFO] 8******@q*.com 系统无法接受您的验证结果，请完成非机器人验证。如果看不到非机器人验证按钮，请先翻墙再刷新页面。
[2024-04-07 03:19:22,980] [INFO] k*******@q*.com 系统无法接受您的验证结果，请完成非机器人验证。如果看不到非机器人验证按钮，请先翻墙再刷新页面。
[2024-04-08 03:19:46,182] [INFO] 8******@q*.com 系统无法接受您的验证结果，请完成非机器人验证。如果看不到非机器人验证按钮，请先翻墙再刷新页面。
[2024-04-08 03:20:23,033] [INFO] k*******@q*.com 系统无法接受您的验证结果，请完成非机器人验证。如果看不到非机器人验证按钮，请先翻墙再刷新页面。
[2024-04-09 03:21:19,609] [INFO] 8******@q*.com 系统无法接受您的验证结果，请完成非机器人验证。如果看不到非机器人验证按钮，请先翻墙再刷新页面。
[2024-04-09 03:21:21,034] [INFO] k*******@q*.com 系统无法接受您的验证结果，请完成非机器人验证。如果看不到非机器人验证按钮，请先翻墙再刷新页面。
[2024-04-10 03:21:06,397] [INFO] 8******@q*.com 系统无法接受您的验证结果，请完成非机器人验证。如果看不到非机器人验证按钮，请先翻墙再刷新页面。
[2024-04-10 03:21:07,632] [INFO] k*******@q*.com 系统无法接受您的验证结果，请完成非机器人验证。如果看不到非机器人验证按钮，请先翻墙再刷新页面。
[2024-04-11 03:19:19,919] [INFO] 8******@q*.com 系统无法接受您的验证结果，请完成非机器人验证。如果看不到非机器人验证按钮，请先翻墙再刷新页面。
[2024-04-11 03:19:21,293] [INFO] k*******@q*.com 系统无法接受您的验证结果，请完成非机器人验证。如果看不到非机器人验证按钮，请先翻墙再刷新页面。
[2024-04-12 03:20:31,001] [INFO] 8******@q*.com 系统无法接受您的验证结果，请完成非机器人验证。如果看不到非机器人验证按钮，请先翻墙再刷新页面。
[2024-04-12 03:20:32,454] [INFO] k*******@q*.com 系统无法接受您的验证结果，请完成非机器人验证。如果看不到非机器人验证按钮，请先翻墙再刷新页面。
[2024-04-13 03:15:50,115] [INFO] 8******@q*.com 系统无法接受您的验证结果，请完成非机器人验证。如果看不到非机器人验证按钮，请先翻墙再刷新页面。
[2024-04-13 03:15:51,480] [INFO] k*******@q*.com 系统无法接受您的验证结果，请完成非机器人验证。如果看不到非机器人验证按钮，请先翻墙再刷新页面。
[2024-04-14 03:53:22,169] [INFO] 8******@q*.com 系统无法接受您的验证结果，请完成非机器人验证。如果看不到非机器人验证按钮，请先翻墙再刷新页面。
[2024-04-14 03:53:23,664] [INFO] k*******@q*.com 系统无法接受您的验证结果，请完成非机器人验证。如果看不到非机器人验证按钮，请先翻墙再刷新页面。
[2024-04-15 04:14:36,339] [INFO] 8******@q*.com 系统无法接受您的验证结果，请完成非机器人验证。如果看不到非机器人验证按钮，请先翻墙再刷新页面。
[2024-04-15 04:14:37,803] [INFO] k*******@q*.com 系统无法接受您的验证结果，请完成非机器人验证。如果看不到非机器人验证按钮，请先翻墙再刷新页面。
[2024-04-17 03:19:27,664] [INFO] 8******@q*.com 系统无法接受您的验证结果，请完成非机器人验证。如果看不到非机器人验证按钮，请先翻墙再刷新页面。
[2024-04-17 03:19:28,864] [INFO] k*******@q*.com 系统无法接受您的验证结果，请完成非机器人验证。如果看不到非机器人验证按钮，请先翻墙再刷新页面。
[2024-04-18 03:18:58,498] [INFO] 8******@q*.com 系统无法接受您的验证结果，请完成非机器人验证。如果看不到非机器人验证按钮，请先翻墙再刷新页面。
[2024-04-18 03:19:00,038] [INFO] k*******@q*.com 系统无法接受您的验证结果，请完成非机器人验证。如果看不到非机器人验证按钮，请先翻墙再刷新页面。
[2024-04-19 03:21:07,292] [INFO] 8******@q*.com 系统无法接受您的验证结果，请完成非机器人验证。如果看不到非机器人验证按钮，请先翻墙再刷新页面。
[2024-04-19 03:21:08,793] [INFO] k*******@q*.com 系统无法接受您的验证结果，请完成非机器人验证。如果看不到非机器人验证按钮，请先翻墙再刷新页面。
